  usb.c
  splash.c
  pattern.c
c:\git\mirorproj\micromirror\micromirror\pattern.c(253): warning C4244: '=': conversion from 'unsigned long' to 'uint08', possible loss of data
c:\git\mirorproj\micromirror\micromirror\pattern.c(312): warning C4244: '=': conversion from 'unsigned long' to 'uint08', possible loss of data
c:\git\mirorproj\micromirror\micromirror\pattern.c(316): warning C4244: '=': conversion from 'unsigned long' to 'uint08', possible loss of data
  hid.c
c:\git\mirorproj\micromirror\micromirror\hid.c(621): warning C4267: 'function': conversion from 'size_t' to 'DWORD', possible loss of data
c:\git\mirorproj\micromirror\micromirror\hid.c(663): warning C4267: 'function': conversion from 'size_t' to 'DWORD', possible loss of data
c:\git\mirorproj\micromirror\micromirror\hid.c(734): warning C4267: 'function': conversion from 'size_t' to 'ULONG', possible loss of data
c:\git\mirorproj\micromirror\micromirror\hid.c(740): warning C4267: 'return': conversion from 'size_t' to 'int', possible loss of data
c:\git\mirorproj\micromirror\micromirror\hid.c(762): warning C4267: 'function': conversion from 'size_t' to 'DWORD', possible loss of data
c:\git\mirorproj\micromirror\micromirror\hid.c(763): warning C4267: 'function': conversion from 'size_t' to 'DWORD', possible loss of data
c:\git\mirorproj\micromirror\micromirror\hid.c(802): warning C4267: 'function': conversion from 'size_t' to 'ULONG', possible loss of data
c:\git\mirorproj\micromirror\micromirror\hid.c(815): warning C4267: 'function': conversion from 'size_t' to 'ULONG', possible loss of data
c:\git\mirorproj\micromirror\micromirror\hid.c(828): warning C4267: 'function': conversion from 'size_t' to 'ULONG', possible loss of data
c:\git\mirorproj\micromirror\micromirror\hid.c(841): warning C4267: 'function': conversion from 'size_t' to 'ULONG', possible loss of data
  flashloader.c
c:\git\mirorproj\micromirror\micromirror\flashloader.c(141): warning C4244: '=': conversion from 'uint64' to 'uint16', possible loss of data
c:\git\mirorproj\micromirror\micromirror\flashloader.c(540): warning C4244: '=': conversion from 'long' to 'uint16', possible loss of data
c:\git\mirorproj\micromirror\micromirror\flashloader.c(543): warning C4244: '=': conversion from 'long' to 'uint16', possible loss of data
c:\git\mirorproj\micromirror\micromirror\flashloader.c(567): warning C4244: '=': conversion from 'long' to 'uint16', possible loss of data
c:\git\mirorproj\micromirror\micromirror\flashloader.c(568): warning C4244: '=': conversion from 'long' to 'uint08', possible loss of data
  flashimage.c
c:\git\mirorproj\micromirror\micromirror\flashimage.c(144): warning C4267: '=': conversion from 'size_t' to 'int', possible loss of data
c:\git\mirorproj\micromirror\micromirror\flashimage.c(166): warning C4267: '=': conversion from 'size_t' to 'unsigned int', possible loss of data
c:\git\mirorproj\micromirror\micromirror\flashimage.c(462): warning C4477: 'printf' : format string '%d' requires an argument of type 'int', but variadic argument 2 has type 'unsigned __int64'
  c:\git\mirorproj\micromirror\micromirror\flashimage.c(462): note: consider using '%lld' in the format string
  c:\git\mirorproj\micromirror\micromirror\flashimage.c(462): note: consider using '%Id' in the format string
  c:\git\mirorproj\micromirror\micromirror\flashimage.c(462): note: consider using '%I64d' in the format string
c:\git\mirorproj\micromirror\micromirror\flashimage.c(462): warning C4477: 'sprintf' : format string '%d' requires an argument of type 'int', but variadic argument 2 has type 'unsigned __int64'
  c:\git\mirorproj\micromirror\micromirror\flashimage.c(462): note: consider using '%lld' in the format string
  c:\git\mirorproj\micromirror\micromirror\flashimage.c(462): note: consider using '%Id' in the format string
  c:\git\mirorproj\micromirror\micromirror\flashimage.c(462): note: consider using '%I64d' in the format string
c:\git\mirorproj\micromirror\micromirror\flashimage.c(588): warning C4244: '=': conversion from 'uint16' to 'uint08', possible loss of data
  firmware.c
  Error.c
  compress.c
c:\git\mirorproj\micromirror\micromirror\compress.c(19): warning C4244: '=': conversion from 'uint16' to 'uint08', possible loss of data
c:\git\mirorproj\micromirror\micromirror\compress.c(187): warning C4244: '=': conversion from 'uint16' to 'uint08', possible loss of data
c:\git\mirorproj\micromirror\micromirror\compress.c(201): warning C4244: '=': conversion from 'uint16' to 'uint08', possible loss of data
c:\git\mirorproj\micromirror\micromirror\compress.c(231): warning C4244: '=': conversion from 'uint16' to 'uint08', possible loss of data
c:\git\mirorproj\micromirror\micromirror\compress.c(272): warning C4244: 'return': conversion from '__int64' to 'int', possible loss of data
c:\git\mirorproj\micromirror\micromirror\compress.c(337): warning C4244: 'return': conversion from '__int64' to 'int', possible loss of data
c:\git\mirorproj\micromirror\micromirror\compress.c(459): warning C4311: 'type cast': pointer truncation from 'const uint08 *' to 'uint32'
c:\git\mirorproj\micromirror\micromirror\compress.c(459): warning C4312: 'type cast': conversion from 'uint32' to 'uint08 *' of greater size
  BMPParser.c
c:\git\mirorproj\micromirror\micromirror\bmpparser.c(374): warning C4244: '=': conversion from 'uint16' to 'uint8', possible loss of data
c:\git\mirorproj\micromirror\micromirror\bmpparser.c(630): warning C4018: '<': signed/unsigned mismatch
c:\git\mirorproj\micromirror\micromirror\bmpparser.c(747): warning C4244: '=': conversion from 'uint16' to 'uint08', possible loss of data
c:\git\mirorproj\micromirror\micromirror\bmpparser.c(880): warning C4018: '>': signed/unsigned mismatch
c:\git\mirorproj\micromirror\micromirror\bmpparser.c(939): warning C4018: '>': signed/unsigned mismatch
  batchfile.c
c:\git\mirorproj\micromirror\micromirror\batchfile.c(270): warning C4244: '=': conversion from 'uint16' to 'uint08', possible loss of data
c:\git\mirorproj\micromirror\micromirror\batchfile.c(312): warning C4244: '=': conversion from 'uint16' to 'uint08', possible loss of data
  API.c
c:\git\mirorproj\micromirror\micromirror\api.c(1468): warning C4244: '=': conversion from 'short' to 'unsigned char', possible loss of data
  Generating Code...
  QtCodeCoppy.cpp
c:\git\mirorproj\micromirror\micromirror\project_constants.h(5): warning C4005: '_CRT_SECURE_NO_WARNINGS': macro redefinition
  c:\git\mirorproj\micromirror\micromirror\project_constants.h(5): note: command-line arguments:  see previous definition of '_CRT_SECURE_NO_WARNINGS'
c:\git\mirorproj\micromirror\micromirror\qtcodecoppy.cpp(151): warning C4477: 'printf' : format string '%d' requires an argument of type 'int', but variadic argument 1 has type 'unsigned char *'
c:\git\mirorproj\micromirror\micromirror\qtcodecoppy.cpp(151): warning C4313: 'printf': '%d' in format string conflicts with argument 1 of type 'unsigned char *'
c:\git\mirorproj\micromirror\micromirror\qtcodecoppy.cpp(46): warning C4101: 'i': unreferenced local variable
c:\git\mirorproj\micromirror\micromirror\qtcodecoppy.cpp(62): warning C4101: 'errStr': unreferenced local variable
  main.cpp
c:\git\mirorproj\micromirror\micromirror\project_constants.h(5): warning C4005: '_CRT_SECURE_NO_WARNINGS': macro redefinition
  c:\git\mirorproj\micromirror\micromirror\project_constants.h(5): note: command-line arguments:  see previous definition of '_CRT_SECURE_NO_WARNINGS'
c:\git\mirorproj\micromirror\micromirror\main.cpp(166): warning C4805: '==': unsafe mix of type 'BOOL' and type 'bool' in operation
c:\git\mirorproj\micromirror\micromirror\main.cpp(173): warning C4474: 'printf' : too many arguments passed for format string
  c:\git\mirorproj\micromirror\micromirror\main.cpp(173): note: placeholders and their parameters expect 0 variadic arguments, but 1 were provided
c:\git\mirorproj\micromirror\micromirror\main.cpp(177): warning C4474: 'printf' : too many arguments passed for format string
  c:\git\mirorproj\micromirror\micromirror\main.cpp(177): note: placeholders and their parameters expect 0 variadic arguments, but 1 were provided
c:\git\mirorproj\micromirror\micromirror\main.cpp(183): warning C4101: 'imageCount': unreferenced local variable
c:\git\mirorproj\micromirror\micromirror\main.cpp(410): warning C4477: 'printf' : format string '%d' requires an argument of type 'int', but variadic argument 1 has type 'unsigned char *'
c:\git\mirorproj\micromirror\micromirror\main.cpp(410): warning C4313: 'printf': '%d' in format string conflicts with argument 1 of type 'unsigned char *'
c:\git\mirorproj\micromirror\micromirror\main.cpp(361): warning C4101: 'splashData': unreferenced local variable
  helper_functions.cpp
c:\git\mirorproj\micromirror\micromirror\project_constants.h(5): warning C4005: '_CRT_SECURE_NO_WARNINGS': macro redefinition
  c:\git\mirorproj\micromirror\micromirror\project_constants.h(5): note: command-line arguments:  see previous definition of '_CRT_SECURE_NO_WARNINGS'
  Generating Code...
  LINK : C:\git\MirorProj\micromirror\x64\Debug\micromirror.exe not found or not built by the last incremental link; performing full link
     Creating library C:\git\MirorProj\micromirror\x64\Debug\micromirror.lib and object C:\git\MirorProj\micromirror\x64\Debug\micromirror.exp
  micromirror.vcxproj -> C:\git\MirorProj\micromirror\x64\Debug\micromirror.exe
  micromirror.vcxproj -> C:\git\MirorProj\micromirror\x64\Debug\micromirror.pdb (Partial PDB)
